<?xml version="1.0" encoding="UTF-8"?>
<!-- Generated by org.testng.reporters.JUnitXMLReporter -->
<testsuite ignored="0" hostname="Abdullahs-MBP.lan1" failures="1" tests="6" name="Test" time="41.312" errors="0" timestamp="03 Apr 2019 22:17:11 GMT">
  <testcase classname="com.mercury.qa.testpages.HomePageTest" name="LogoutValidation" time="7.514"/>
  <testcase classname="com.mercury.qa.testpages.LoginPageTest" name="PageTitleValidation" time="0.006"/>
  <testcase classname="com.mercury.qa.testpages.LoginPageTest" name="loginpageTimeValidation" time="0.03"/>
  <testcase classname="com.mercury.qa.testpages.LoginPageTest" name="applicationVersion" time="0.034"/>
  <testcase classname="com.mercury.qa.testpages.LoginPageTest" name="loginvalidationwith_ValidUserName_and_ValidPassword" time="4.474"/>
  <testcase classname="com.mercury.qa.testpages.LoginPageTest" name="loginvalidationwithInvalidUserNameandValidPassword" time="3.833">
    <failure type="java.lang.AssertionError" message="expected:&amp;lt;Sign-on: Mercury Tours&amp;gt; but was:&amp;lt;Find a Flight: Mercury Tours:&amp;gt;">
      <![CDATA[java.lang.AssertionError: expected:<Sign-on: Mercury Tours> but was:<Find a Flight: Mercury Tours:>
at com.mercury.qa.testpages.LoginPageTest.loginvalidationwithInvalidUserNameandValidPassword(LoginPageTest.java:130)
... Removed 27 stack frames]]>
    </failure>
  </testcase> <!-- loginvalidationwithInvalidUserNameandValidPassword -->
</testsuite> <!-- Test -->
