<?xml version="1.0" encoding="UTF-8"?>
<testng-results ignored="0" total="6" passed="5" failed="1" skipped="0">
  <reporter-output>
  </reporter-output>
  <suite started-at="2019-04-03T22:16:30Z" name="Suite" finished-at="2019-04-03T22:17:11Z" duration-ms="41312">
    <groups>
    </groups>
    <test started-at="2019-04-03T22:16:30Z" name="Test" finished-at="2019-04-03T22:17:11Z" duration-ms="41312">
      <class name="com.mercury.qa.testpages.LoginPageTest">
        <test-method is-config="true" signature="setup()[pri:0, instance:com.mercury.qa.testpages.LoginPageTest@5b94b04d]" started-at="2019-04-03T22:16:42Z" name="setup" finished-at="2019-04-03T22:16:46Z" duration-ms="3808" status="PASS">
          <reporter-output>
          </reporter-output>
        </test-method> <!-- setup -->
        <test-method signature="PageTitleValidation()[pri:1, instance:com.mercury.qa.testpages.LoginPageTest@5b94b04d]" started-at="2019-04-03T22:16:46Z" name="PageTitleValidation" finished-at="2019-04-03T22:16:46Z" duration-ms="6" status="PASS">
          <reporter-output>
          </reporter-output>
        </test-method> <!-- PageTitleValidation -->
        <test-method is-config="true" signature="captureScreen(org.testng.ITestResult)[pri:0, instance:com.mercury.qa.testpages.LoginPageTest@5b94b04d]" started-at="2019-04-03T22:16:46Z" name="captureScreen" finished-at="2019-04-03T22:16:46Z" duration-ms="0" status="PASS">
          <params>
            <param index="0">
              <value>
                <![CDATA[[TestResult name=PageTitleValidation status=SUCCESS method=LoginPageTest.PageTitleValidation()[pri:1, instance:com.mercury.qa.testpages.LoginPageTest@5b94b04d] output={null}]]]>
              </value>
            </param>
          </params>
          <reporter-output>
          </reporter-output>
        </test-method> <!-- captureScreen -->
        <test-method is-config="true" signature="setup()[pri:0, instance:com.mercury.qa.testpages.LoginPageTest@5b94b04d]" started-at="2019-04-03T22:16:46Z" name="setup" finished-at="2019-04-03T22:16:50Z" duration-ms="3843" status="PASS">
          <reporter-output>
          </reporter-output>
        </test-method> <!-- setup -->
        <test-method signature="loginpageTimeValidation()[pri:2, instance:com.mercury.qa.testpages.LoginPageTest@5b94b04d]" started-at="2019-04-03T22:16:50Z" name="loginpageTimeValidation" finished-at="2019-04-03T22:16:50Z" duration-ms="30" status="PASS">
          <reporter-output>
          </reporter-output>
        </test-method> <!-- loginpageTimeValidation -->
        <test-method is-config="true" signature="captureScreen(org.testng.ITestResult)[pri:0, instance:com.mercury.qa.testpages.LoginPageTest@5b94b04d]" started-at="2019-04-03T22:16:50Z" name="captureScreen" finished-at="2019-04-03T22:16:50Z" duration-ms="0" status="PASS">
          <params>
            <param index="0">
              <value>
                <![CDATA[[TestResult name=loginpageTimeValidation status=SUCCESS method=LoginPageTest.loginpageTimeValidation()[pri:2, instance:com.mercury.qa.testpages.LoginPageTest@5b94b04d] output={null}]]]>
              </value>
            </param>
          </params>
          <reporter-output>
          </reporter-output>
        </test-method> <!-- captureScreen -->
        <test-method is-config="true" signature="setup()[pri:0, instance:com.mercury.qa.testpages.LoginPageTest@5b94b04d]" started-at="2019-04-03T22:16:50Z" name="setup" finished-at="2019-04-03T22:16:55Z" duration-ms="4586" status="PASS">
          <reporter-output>
          </reporter-output>
        </test-method> <!-- setup -->
        <test-method signature="applicationVersion()[pri:3, instance:com.mercury.qa.testpages.LoginPageTest@5b94b04d]" started-at="2019-04-03T22:16:55Z" name="applicationVersion" finished-at="2019-04-03T22:16:55Z" duration-ms="34" status="PASS">
          <reporter-output>
          </reporter-output>
        </test-method> <!-- applicationVersion -->
        <test-method is-config="true" signature="setup()[pri:0, instance:com.mercury.qa.testpages.LoginPageTest@5b94b04d]" started-at="2019-04-03T22:16:55Z" name="setup" finished-at="2019-04-03T22:16:59Z" duration-ms="3856" status="PASS">
          <reporter-output>
          </reporter-output>
        </test-method> <!-- setup -->
        <test-method is-config="true" signature="captureScreen(org.testng.ITestResult)[pri:0, instance:com.mercury.qa.testpages.LoginPageTest@5b94b04d]" started-at="2019-04-03T22:16:55Z" name="captureScreen" finished-at="2019-04-03T22:16:55Z" duration-ms="0" status="PASS">
          <params>
            <param index="0">
              <value>
                <![CDATA[[TestResult name=applicationVersion status=SUCCESS method=LoginPageTest.applicationVersion()[pri:3, instance:com.mercury.qa.testpages.LoginPageTest@5b94b04d] output={null}]]]>
              </value>
            </param>
          </params>
          <reporter-output>
          </reporter-output>
        </test-method> <!-- captureScreen -->
        <test-method signature="loginvalidationwith_ValidUserName_and_ValidPassword()[pri:4, instance:com.mercury.qa.testpages.LoginPageTest@5b94b04d]" started-at="2019-04-03T22:16:59Z" name="loginvalidationwith_ValidUserName_and_ValidPassword" finished-at="2019-04-03T22:17:03Z" duration-ms="4474" status="PASS">
          <reporter-output>
          </reporter-output>
        </test-method> <!-- loginvalidationwith_ValidUserName_and_ValidPassword -->
        <test-method is-config="true" signature="captureScreen(org.testng.ITestResult)[pri:0, instance:com.mercury.qa.testpages.LoginPageTest@5b94b04d]" started-at="2019-04-03T22:17:03Z" name="captureScreen" finished-at="2019-04-03T22:17:03Z" duration-ms="0" status="PASS">
          <params>
            <param index="0">
              <value>
                <![CDATA[[TestResult name=loginvalidationwith_ValidUserName_and_ValidPassword status=SUCCESS method=LoginPageTest.loginvalidationwith_ValidUserName_and_ValidPassword()[pri:4, instance:com.mercury.qa.testpages.LoginPageTest@5b94b04d] output={null}]]]>
              </value>
            </param>
          </params>
          <reporter-output>
          </reporter-output>
        </test-method> <!-- captureScreen -->
        <test-method is-config="true" signature="setup()[pri:0, instance:com.mercury.qa.testpages.LoginPageTest@5b94b04d]" started-at="2019-04-03T22:17:03Z" name="setup" finished-at="2019-04-03T22:17:07Z" duration-ms="3765" status="PASS">
          <reporter-output>
          </reporter-output>
        </test-method> <!-- setup -->
        <test-method signature="loginvalidationwithInvalidUserNameandValidPassword()[pri:5, instance:com.mercury.qa.testpages.LoginPageTest@5b94b04d]" started-at="2019-04-03T22:17:07Z" name="loginvalidationwithInvalidUserNameandValidPassword" finished-at="2019-04-03T22:17:11Z" duration-ms="3833" status="FAIL">
          <exception class="java.lang.AssertionError">
            <message>
              <![CDATA[expected:<Sign-on: Mercury Tours> but was:<Find a Flight: Mercury Tours:>]]>
            </message>
            <full-stacktrace>
              <![CDATA[java.lang.AssertionError: expected:<Sign-on: Mercury Tours> but was:<Find a Flight: Mercury Tours:>
at org.testng.AssertJUnit.assertEquals(AssertJUnit.java:101)
at org.testng.AssertJUnit.assertEquals(AssertJUnit.java:108)
at com.mercury.qa.testpages.LoginPageTest.loginvalidationwithInvalidUserNameandValidPassword(LoginPageTest.java:130)
at java.base/jdk.internal.reflect.NativeMethodAccessorImpl.invoke0(Native Method)
at java.base/jdk.internal.reflect.NativeMethodAccessorImpl.invoke(NativeMethodAccessorImpl.java:62)
at java.base/jdk.internal.reflect.DelegatingMethodAccessorImpl.invoke(DelegatingMethodAccessorImpl.java:43)
at java.base/java.lang.reflect.Method.invoke(Method.java:566)
at org.testng.internal.MethodInvocationHelper.invokeMethod(MethodInvocationHelper.java:124)
at org.testng.internal.Invoker.invokeMethod(Invoker.java:583)
at org.testng.internal.Invoker.invokeTestMethod(Invoker.java:719)
at org.testng.internal.Invoker.invokeTestMethods(Invoker.java:989)
at org.testng.internal.TestMethodWorker.invokeTestMethods(TestMethodWorker.java:125)
at org.testng.internal.TestMethodWorker.run(TestMethodWorker.java:109)
at org.testng.TestRunner.privateRun(TestRunner.java:648)
at org.testng.TestRunner.run(TestRunner.java:505)
at org.testng.SuiteRunner.runTest(SuiteRunner.java:455)
at org.testng.SuiteRunner.runSequentially(SuiteRunner.java:450)
at org.testng.SuiteRunner.privateRun(SuiteRunner.java:415)
at org.testng.SuiteRunner.run(SuiteRunner.java:364)
at org.testng.SuiteRunnerWorker.runSuite(SuiteRunnerWorker.java:52)
at org.testng.SuiteRunnerWorker.run(SuiteRunnerWorker.java:84)
at org.testng.TestNG.runSuitesSequentially(TestNG.java:1208)
at org.testng.TestNG.runSuitesLocally(TestNG.java:1137)
at org.testng.TestNG.runSuites(TestNG.java:1049)
at org.testng.TestNG.run(TestNG.java:1017)
at org.testng.remote.AbstractRemoteTestNG.run(AbstractRemoteTestNG.java:114)
at org.testng.remote.RemoteTestNG.initAndRun(RemoteTestNG.java:251)
at org.testng.remote.RemoteTestNG.main(RemoteTestNG.java:77)
]]>
            </full-stacktrace>
          </exception> <!-- java.lang.AssertionError -->
          <reporter-output>
          </reporter-output>
        </test-method> <!-- loginvalidationwithInvalidUserNameandValidPassword -->
        <test-method is-config="true" signature="captureScreen(org.testng.ITestResult)[pri:0, instance:com.mercury.qa.testpages.LoginPageTest@5b94b04d]" started-at="2019-04-03T22:17:11Z" name="captureScreen" finished-at="2019-04-03T22:17:11Z" duration-ms="515" status="PASS">
          <params>
            <param index="0">
              <value>
                <![CDATA[[TestResult name=loginvalidationwithInvalidUserNameandValidPassword status=FAILURE method=LoginPageTest.loginvalidationwithInvalidUserNameandValidPassword()[pri:5, instance:com.mercury.qa.testpages.LoginPageTest@5b94b04d] output={null}]]]>
              </value>
            </param>
          </params>
          <reporter-output>
          </reporter-output>
        </test-method> <!-- captureScreen -->
        <test-method is-config="true" signature="tearDown()[pri:0, instance:com.mercury.qa.testpages.LoginPageTest@5b94b04d]" started-at="2019-04-03T22:17:11Z" name="tearDown" finished-at="2019-04-03T22:17:11Z" duration-ms="79" status="PASS">
          <reporter-output>
          </reporter-output>
        </test-method> <!-- tearDown -->
      </class> <!-- com.mercury.qa.testpages.LoginPageTest -->
      <class name="com.mercury.qa.testpages.HomePageTest">
        <test-method is-config="true" signature="setup()[pri:0, instance:com.mercury.qa.testpages.HomePageTest@385e9564]" started-at="2019-04-03T22:16:30Z" name="setup" finished-at="2019-04-03T22:16:35Z" duration-ms="4678" status="PASS">
          <reporter-output>
          </reporter-output>
        </test-method> <!-- setup -->
        <test-method signature="LogoutValidation()[pri:1, instance:com.mercury.qa.testpages.HomePageTest@385e9564]" started-at="2019-04-03T22:16:35Z" name="LogoutValidation" finished-at="2019-04-03T22:16:42Z" duration-ms="7514" status="PASS">
          <reporter-output>
          </reporter-output>
        </test-method> <!-- LogoutValidation -->
        <test-method is-config="true" signature="tearDown()[pri:0, instance:com.mercury.qa.testpages.HomePageTest@385e9564]" started-at="2019-04-03T22:16:42Z" name="tearDown" finished-at="2019-04-03T22:16:42Z" duration-ms="84" status="PASS">
          <reporter-output>
          </reporter-output>
        </test-method> <!-- tearDown -->
        <test-method is-config="true" signature="captureScreen(org.testng.ITestResult)[pri:0, instance:com.mercury.qa.testpages.HomePageTest@385e9564]" started-at="2019-04-03T22:16:42Z" name="captureScreen" finished-at="2019-04-03T22:16:42Z" duration-ms="0" status="PASS">
          <params>
            <param index="0">
              <value>
                <![CDATA[[TestResult name=LogoutValidation status=SUCCESS method=HomePageTest.LogoutValidation()[pri:1, instance:com.mercury.qa.testpages.HomePageTest@385e9564] output={null}]]]>
              </value>
            </param>
          </params>
          <reporter-output>
          </reporter-output>
        </test-method> <!-- captureScreen -->
      </class> <!-- com.mercury.qa.testpages.HomePageTest -->
    </test> <!-- Test -->
  </suite> <!-- Suite -->
</testng-results>
